{"H:\\05. Microverse\\02. Core Curriculum\\Projects\\Module-2\\TO-DO-LIST\\webpack\\src\\modules\\Task.js": {"path":"H:\\05. Microverse\\02. Core Curriculum\\Projects\\Module-2\\TO-DO-LIST\\webpack\\src\\modules\\Task.js","statementMap":{"0":{"start":{"line":3,"column":4},"end":{"line":3,"column":28}},"1":{"start":{"line":4,"column":4},"end":{"line":4,"column":30}},"2":{"start":{"line":5,"column":4},"end":{"line":5,"column":21}}},"fnMap":{"0":{"name":"(anonymous_0)","decl":{"start":{"line":2,"column":2},"end":{"line":2,"column":3}},"loc":{"start":{"line":2,"column":43},"end":{"line":6,"column":3}},"line":2}},"branchMap":{"0":{"loc":{"start":{"line":2,"column":20},"end":{"line":2,"column":36}},"type":"default-arg","locations":[{"start":{"line":2,"column":31},"end":{"line":2,"column":36}}],"line":2}},"s":{"0":0,"1":0,"2":0},"f":{"0":0},"b":{"0":[0]},"_coverageSchema":"1a1c01bbd47fc00a2c39e90264f33305004495a9","hash":"11d7b17d2c1d553722236aa755e5792a2ed24783"}
,"H:\\05. Microverse\\02. Core Curriculum\\Projects\\Module-2\\TO-DO-LIST\\webpack\\src\\modules\\TaskList.js": {"path":"H:\\05. Microverse\\02. Core Curriculum\\Projects\\Module-2\\TO-DO-LIST\\webpack\\src\\modules\\TaskList.js","statementMap":{"0":{"start":{"line":5,"column":4},"end":{"line":5,"column":20}},"1":{"start":{"line":8,"column":12},"end":{"line":13,"column":3}},"2":{"start":{"line":9,"column":17},"end":{"line":9,"column":44}},"3":{"start":{"line":10,"column":4},"end":{"line":10,"column":26}},"4":{"start":{"line":12,"column":4},"end":{"line":12,"column":22}},"5":{"start":{"line":15,"column":15},"end":{"line":26,"column":3}},"6":{"start":{"line":16,"column":4},"end":{"line":20,"column":7}},"7":{"start":{"line":17,"column":6},"end":{"line":19,"column":7}},"8":{"start":{"line":18,"column":8},"end":{"line":18,"column":32}},"9":{"start":{"line":21,"column":4},"end":{"line":23,"column":7}},"10":{"start":{"line":22,"column":6},"end":{"line":22,"column":22}},"11":{"start":{"line":24,"column":4},"end":{"line":24,"column":68}},"12":{"start":{"line":25,"column":4},"end":{"line":25,"column":22}},"13":{"start":{"line":28,"column":14},"end":{"line":36,"column":3}},"14":{"start":{"line":29,"column":4},"end":{"line":33,"column":7}},"15":{"start":{"line":30,"column":6},"end":{"line":32,"column":7}},"16":{"start":{"line":31,"column":8},"end":{"line":31,"column":32}},"17":{"start":{"line":35,"column":4},"end":{"line":35,"column":22}},"18":{"start":{"line":38,"column":21},"end":{"line":46,"column":3}},"19":{"start":{"line":39,"column":4},"end":{"line":43,"column":7}},"20":{"start":{"line":40,"column":6},"end":{"line":42,"column":7}},"21":{"start":{"line":41,"column":8},"end":{"line":41,"column":41}},"22":{"start":{"line":45,"column":4},"end":{"line":45,"column":22}},"23":{"start":{"line":48,"column":19},"end":{"line":60,"column":3}},"24":{"start":{"line":49,"column":4},"end":{"line":54,"column":7}},"25":{"start":{"line":50,"column":6},"end":{"line":52,"column":7}},"26":{"start":{"line":51,"column":8},"end":{"line":51,"column":21}},"27":{"start":{"line":53,"column":6},"end":{"line":53,"column":18}},"28":{"start":{"line":55,"column":4},"end":{"line":57,"column":7}},"29":{"start":{"line":56,"column":6},"end":{"line":56,"column":22}},"30":{"start":{"line":59,"column":4},"end":{"line":59,"column":22}}},"fnMap":{"0":{"name":"(anonymous_0)","decl":{"start":{"line":4,"column":2},"end":{"line":4,"column":3}},"loc":{"start":{"line":4,"column":16},"end":{"line":6,"column":3}},"line":4},"1":{"name":"(anonymous_1)","decl":{"start":{"line":8,"column":12},"end":{"line":8,"column":13}},"loc":{"start":{"line":8,"column":35},"end":{"line":13,"column":3}},"line":8},"2":{"name":"(anonymous_2)","decl":{"start":{"line":15,"column":15},"end":{"line":15,"column":16}},"loc":{"start":{"line":15,"column":26},"end":{"line":26,"column":3}},"line":15},"3":{"name":"(anonymous_3)","decl":{"start":{"line":16,"column":23},"end":{"line":16,"column":24}},"loc":{"start":{"line":16,"column":36},"end":{"line":20,"column":5}},"line":16},"4":{"name":"(anonymous_4)","decl":{"start":{"line":21,"column":23},"end":{"line":21,"column":24}},"loc":{"start":{"line":21,"column":33},"end":{"line":23,"column":5}},"line":21},"5":{"name":"(anonymous_5)","decl":{"start":{"line":28,"column":14},"end":{"line":28,"column":15}},"loc":{"start":{"line":28,"column":31},"end":{"line":36,"column":3}},"line":28},"6":{"name":"(anonymous_6)","decl":{"start":{"line":29,"column":23},"end":{"line":29,"column":24}},"loc":{"start":{"line":29,"column":33},"end":{"line":33,"column":5}},"line":29},"7":{"name":"(anonymous_7)","decl":{"start":{"line":38,"column":21},"end":{"line":38,"column":22}},"loc":{"start":{"line":38,"column":32},"end":{"line":46,"column":3}},"line":38},"8":{"name":"(anonymous_8)","decl":{"start":{"line":39,"column":23},"end":{"line":39,"column":24}},"loc":{"start":{"line":39,"column":33},"end":{"line":43,"column":5}},"line":39},"9":{"name":"(anonymous_9)","decl":{"start":{"line":48,"column":19},"end":{"line":48,"column":20}},"loc":{"start":{"line":48,"column":25},"end":{"line":60,"column":3}},"line":48},"10":{"name":"(anonymous_10)","decl":{"start":{"line":49,"column":35},"end":{"line":49,"column":36}},"loc":{"start":{"line":49,"column":48},"end":{"line":54,"column":5}},"line":49},"11":{"name":"(anonymous_11)","decl":{"start":{"line":55,"column":23},"end":{"line":55,"column":24}},"loc":{"start":{"line":55,"column":33},"end":{"line":57,"column":5}},"line":55}},"branchMap":{"0":{"loc":{"start":{"line":17,"column":6},"end":{"line":19,"column":7}},"type":"if","locations":[{"start":{"line":17,"column":6},"end":{"line":19,"column":7}},{"start":{},"end":{}}],"line":17},"1":{"loc":{"start":{"line":30,"column":6},"end":{"line":32,"column":7}},"type":"if","locations":[{"start":{"line":30,"column":6},"end":{"line":32,"column":7}},{"start":{},"end":{}}],"line":30},"2":{"loc":{"start":{"line":40,"column":6},"end":{"line":42,"column":7}},"type":"if","locations":[{"start":{"line":40,"column":6},"end":{"line":42,"column":7}},{"start":{},"end":{}}],"line":40},"3":{"loc":{"start":{"line":50,"column":6},"end":{"line":52,"column":7}},"type":"if","locations":[{"start":{"line":50,"column":6},"end":{"line":52,"column":7}},{"start":{},"end":{}}],"line":50}},"s":{"0":1,"1":1,"2":0,"3":0,"4":0,"5":1,"6":0,"7":0,"8":0,"9":0,"10":0,"11":0,"12":0,"13":1,"14":1,"15":2,"16":1,"17":1,"18":1,"19":1,"20":2,"21":1,"22":1,"23":1,"24":1,"25":2,"26":2,"27":0,"28":1,"29":0,"30":1},"f":{"0":1,"1":0,"2":0,"3":0,"4":0,"5":1,"6":2,"7":1,"8":2,"9":1,"10":2,"11":0},"b":{"0":[0,0],"1":[1,1],"2":[1,1],"3":[2,0]},"_coverageSchema":"1a1c01bbd47fc00a2c39e90264f33305004495a9","hash":"fa1e015a67143cbb3c9634edae670d22291936c6"}
}
