TN:
SF:src\modules\Task.js
FN:2,(anonymous_0)
FNF:1
FNH:0
FNDA:0,(anonymous_0)
DA:3,0
DA:4,0
DA:5,0
LF:3
LH:0
BRDA:2,0,0,0
BRF:1
BRH:0
end_of_record
TN:
SF:src\modules\TaskList.js
FN:4,(anonymous_0)
FN:8,(anonymous_1)
FN:15,(anonymous_2)
FN:16,(anonymous_3)
FN:21,(anonymous_4)
FN:28,(anonymous_5)
FN:29,(anonymous_6)
FN:38,(anonymous_7)
FN:39,(anonymous_8)
FN:48,(anonymous_9)
FN:49,(anonymous_10)
FN:55,(anonymous_11)
FNF:12
FNH:7
FNDA:1,(anonymous_0)
FNDA:0,(anonymous_1)
FNDA:0,(anonymous_2)
FNDA:0,(anonymous_3)
FNDA:0,(anonymous_4)
FNDA:1,(anonymous_5)
FNDA:2,(anonymous_6)
FNDA:1,(anonymous_7)
FNDA:2,(anonymous_8)
FNDA:1,(anonymous_9)
FNDA:2,(anonymous_10)
FNDA:0,(anonymous_11)
DA:5,1
DA:8,1
DA:9,0
DA:10,0
DA:12,0
DA:15,1
DA:16,0
DA:17,0
DA:18,0
DA:21,0
DA:22,0
DA:24,0
DA:25,0
DA:28,1
DA:29,1
DA:30,2
DA:31,1
DA:35,1
DA:38,1
DA:39,1
DA:40,2
DA:41,1
DA:45,1
DA:48,1
DA:49,1
DA:50,2
DA:51,2
DA:53,0
DA:55,1
DA:56,0
DA:59,1
LF:31
LH:19
BRDA:17,0,0,0
BRDA:17,0,1,0
BRDA:30,1,0,1
BRDA:30,1,1,1
BRDA:40,2,0,1
BRDA:40,2,1,1
BRDA:50,3,0,2
BRDA:50,3,1,0
BRF:8
BRH:5
end_of_record
